<?xml version="1.0" encoding="UTF-8"?>
<testng-results ignored="0" total="2" passed="2" failed="0" skipped="0">
  <reporter-output>
  </reporter-output>
  <suite started-at="2026-04-15T10:35:08 IST" name="Default suite" finished-at="2026-04-15T10:35:08 IST" duration-ms="142">
    <groups>
    </groups>
    <test started-at="2026-04-15T10:35:08 IST" name="Default test" finished-at="2026-04-15T10:35:08 IST" duration-ms="142">
      <class name="Testng.AfteBeforemethod">
        <test-method is-config="true" signature="setup()[pri:0, instance:Testng.AfteBeforemethod@7857fe2]" started-at="2026-04-15T10:35:08 IST" name="setup" finished-at="2026-04-15T10:35:08 IST" duration-ms="49" status="PASS">
          <reporter-output>
          </reporter-output>
        </test-method> <!-- setup -->
        <test-method signature="login()[pri:0, instance:Testng.AfteBeforemethod@7857fe2]" started-at="2026-04-15T10:35:08 IST" name="login" finished-at="2026-04-15T10:35:08 IST" duration-ms="8" status="PASS">
          <reporter-output>
          </reporter-output>
        </test-method> <!-- login -->
        <test-method is-config="true" signature="teardown()[pri:0, instance:Testng.AfteBeforemethod@7857fe2]" started-at="2026-04-15T10:35:08 IST" name="teardown" finished-at="2026-04-15T10:35:08 IST" duration-ms="0" status="PASS">
          <reporter-output>
          </reporter-output>
        </test-method> <!-- teardown -->
        <test-method is-config="true" signature="setup()[pri:0, instance:Testng.AfteBeforemethod@7857fe2]" started-at="2026-04-15T10:35:08 IST" name="setup" finished-at="2026-04-15T10:35:08 IST" duration-ms="2" status="PASS">
          <reporter-output>
          </reporter-output>
        </test-method> <!-- setup -->
        <test-method signature="registration()[pri:1, instance:Testng.AfteBeforemethod@7857fe2]" started-at="2026-04-15T10:35:08 IST" name="registration" finished-at="2026-04-15T10:35:08 IST" duration-ms="3" status="PASS">
          <reporter-output>
          </reporter-output>
        </test-method> <!-- registration -->
        <test-method is-config="true" signature="teardown()[pri:0, instance:Testng.AfteBeforemethod@7857fe2]" started-at="2026-04-15T10:35:08 IST" name="teardown" finished-at="2026-04-15T10:35:08 IST" duration-ms="1" status="PASS">
          <reporter-output>
          </reporter-output>
        </test-method> <!-- teardown -->
      </class> <!-- Testng.AfteBeforemethod -->
    </test> <!-- Default test -->
  </suite> <!-- Default suite -->
</testng-results>
